\BOOKMARK [0][-]{section*.2}{\376\377\000T\000h\000i\000s\000\040\000i\000s\000\040\000a\000\040\000V\000e\000r\000y\000\040\000I\000m\000p\000o\000r\000t\000a\000n\000t\000\040\000T\000i\000t\000l\000e\000!}{}% 2
\BOOKMARK [1][-]{section*.1}{\376\377\000A\000b\000s\000t\000r\000a\000c\000t}{section*.2}% 1
\BOOKMARK [1][-]{section*.3}{\376\377\000P\000r\000o\000b\000l\000e\000m\000\040\0001}{section*.2}% 3
\BOOKMARK [1][-]{section*.4}{\376\377\000P\000r\000o\000b\000l\000e\000m\000\040\0002}{section*.2}% 4
\BOOKMARK [1][-]{section*.5}{\376\377\000P\000r\000o\000b\000l\000e\000m\000\040\0003}{section*.2}% 5
\BOOKMARK [1][-]{section*.6}{\376\377\000P\000r\000o\000b\000l\000e\000m\000\040\0004}{section*.2}% 6
\BOOKMARK [2][-]{section*.7}{\376\377\000P\000r\000o\000b\000l\000e\000m\000\040\000a}{section*.6}% 7
\BOOKMARK [2][-]{section*.8}{\376\377\000P\000r\000o\000b\000l\000e\000m\000\040\000b}{section*.6}% 8
\BOOKMARK [1][-]{section*.9}{\376\377\000P\000r\000o\000b\000l\000e\000m\000\040\0005}{section*.2}% 9
\BOOKMARK [1][-]{section*.10}{\376\377\000P\000r\000o\000b\000l\000e\000m\000\040\0006}{section*.2}% 10
\BOOKMARK [2][-]{section*.11}{\376\377\000P\000r\000o\000b\000l\000e\000m\000\040\000a}{section*.10}% 11
\BOOKMARK [2][-]{section*.12}{\376\377\000P\000r\000o\000b\000l\000e\000m\000\040\000b}{section*.10}% 12
\BOOKMARK [1][-]{section*.13}{\376\377\000M\000e\000t\000o\000d\000e}{section*.2}% 13
\BOOKMARK [1][-]{section*.14}{\376\377\000R\000e\000s\000u\000l\000t\000a\000t\000e\000r}{section*.2}% 14
\BOOKMARK [1][-]{section*.15}{\376\377\000D\000i\000s\000k\000u\000s\000j\000o\000n}{section*.2}% 15
\BOOKMARK [1][-]{section*.16}{\376\377\000C\000o\000n\000k\000l\000u\000s\000j\000o\000n}{section*.2}% 16
\BOOKMARK [1][-]{section*.17}{\376\377\000A\000c\000k\000n\000o\000w\000l\000e\000d\000g\000m\000e\000n\000t\000s}{section*.2}% 17
\BOOKMARK [1][-]{section*.18}{\376\377\000R\000e\000f\000e\000r\000e\000n\000c\000e\000s}{section*.2}% 18
\BOOKMARK [1][-]{section*.19}{\376\377\000N\000a\000m\000e\000\040\000o\000f\000\040\000a\000p\000p\000e\000n\000d\000i\000x}{section*.2}% 19
\BOOKMARK [1][-]{section*.20}{\376\377\000T\000h\000i\000s\000\040\000i\000s\000\040\000a\000n\000o\000t\000h\000e\000r\000\040\000a\000p\000p\000e\000n\000d\000i\000x}{section*.2}% 20
